# JRE version: OpenJDK Runtime Environment (Zulu 8.36.0.1-CA-win64) (8.0_202-b05) (build 1.8.0_202-b05)
# Java VM: OpenJDK 64-Bit Server VM (25.202-b05 mixed mode windows-amd64 compressed oops)
Heap:
 PSYoungGen      total 220160K, used 131736K [0x0000000715a00000, 0x0000000729f80000, 0x00000007c0000000)
  eden space 198656K, 66% used [0x0000000715a00000,0x000000071daa6280,0x0000000721c00000)
  from space 21504K, 0% used [0x0000000721c00000,0x0000000721c00000,0x0000000723100000)
  to   space 10240K, 0% used [0x0000000729580000,0x0000000729580000,0x0000000729f80000)
 ParOldGen       total 294912K, used 13849K [0x00000005c0e00000, 0x00000005d2e00000, 0x0000000715a00000)
  object space 294912K, 4% used [0x00000005c0e00000,0x00000005c1b86730,0x00000005d2e00000)
 Metaspace       used 38901K, capacity 40608K, committed 40704K, reserved 1085440K
  class space    used 5060K, capacity 5364K, committed 5376K, reserved 1048576K
GC Heap History (10 events):
Event: 1.868 GC heap before
{Heap before GC invocations=3 (full 1):
 PSYoungGen      total 153088K, used 9006K [0x0000000715a00000, 0x0000000728500000, 0x00000007c0000000)
  eden space 131584K, 0% used [0x0000000715a00000,0x0000000715a00000,0x000000071da80000)
  from space 21504K, 41% used [0x000000071ef80000,0x000000071f84bb30,0x0000000720480000)
  to   space 21504K, 0% used [0x000000071da80000,0x000000071da80000,0x000000071ef80000)
 ParOldGen       total 349696K, used 32K [0x00000005c0e00000, 0x00000005d6380000, 0x0000000715a00000)
  object space 349696K, 0% used [0x00000005c0e00000,0x00000005c0e08000,0x00000005d6380000)
 Metaspace       used 20630K, capacity 21134K, committed 21248K, reserved 1067008K
  class space    used 2579K, capacity 2727K, committed 2816K, reserved 1048576K
Event: 1.896 GC heap after
Heap after GC invocations=3 (full 1):
 PSYoungGen      total 153088K, used 0K [0x0000000715a00000, 0x0000000728500000, 0x00000007c0000000)
  eden space 131584K, 0% used [0x0000000715a00000,0x0000000715a00000,0x000000071da80000)
  from space 21504K, 0% used [0x000000071ef80000,0x000000071ef80000,0x0000000720480000)
  to   space 21504K, 0% used [0x000000071da80000,0x000000071da80000,0x000000071ef80000)
 ParOldGen       total 194560K, used 8671K [0x00000005c0e00000, 0x00000005ccc00000, 0x0000000715a00000)
  object space 194560K, 4% used [0x00000005c0e00000,0x00000005c1677f68,0x00000005ccc00000)
 Metaspace       used 20630K, capacity 21134K, committed 21248K, reserved 1067008K
  class space    used 2579K, capacity 2727K, committed 2816K, reserved 1048576K
}
Event: 2.429 GC heap before
{Heap before GC invocations=4 (full 1):
 PSYoungGen      total 153088K, used 131584K [0x0000000715a00000, 0x0000000728500000, 0x00000007c0000000)
  eden space 131584K, 100% used [0x0000000715a00000,0x000000071da80000,0x000000071da80000)
  from space 21504K, 0% used [0x000000071ef80000,0x000000071ef80000,0x0000000720480000)
  to   space 21504K, 0% used [0x000000071da80000,0x000000071da80000,0x000000071ef80000)
 ParOldGen       total 194560K, used 8671K [0x00000005c0e00000, 0x00000005ccc00000, 0x0000000715a00000)
  object space 194560K, 4% used [0x00000005c0e00000,0x00000005c1677f68,0x00000005ccc00000)
 Metaspace       used 28392K, capacity 29178K, committed 29440K, reserved 1075200K
  class space    used 3549K, capacity 3733K, committed 3840K, reserved 1048576K
Event: 2.435 GC heap after
Heap after GC invocations=4 (full 1):
 PSYoungGen      total 153088K, used 9228K [0x0000000715a00000, 0x0000000724a80000, 0x00000007c0000000)
  eden space 131584K, 0% used [0x0000000715a00000,0x0000000715a00000,0x000000071da80000)
  from space 21504K, 42% used [0x000000071da80000,0x000000071e383280,0x000000071ef80000)
  to   space 21504K, 0% used [0x0000000723580000,0x0000000723580000,0x0000000724a80000)
 ParOldGen       total 194560K, used 8743K [0x00000005c0e00000, 0x00000005ccc00000, 0x0000000715a00000)
  object space 194560K, 4% used [0x00000005c0e00000,0x00000005c1689f78,0x00000005ccc00000)
 Metaspace       used 28392K, capacity 29178K, committed 29440K, reserved 1075200K
  class space    used 3549K, capacity 3733K, committed 3840K, reserved 1048576K
}
Event: 3.595 GC heap before
{Heap before GC invocations=5 (full 1):
 PSYoungGen      total 153088K, used 140812K [0x0000000715a00000, 0x0000000724a80000, 0x00000007c0000000)
  eden space 131584K, 100% used [0x0000000715a00000,0x000000071da80000,0x000000071da80000)
  from space 21504K, 42% used [0x000000071da80000,0x000000071e383280,0x000000071ef80000)
  to   space 21504K, 0% used [0x0000000723580000,0x0000000723580000,0x0000000724a80000)
 ParOldGen       total 194560K, used 8743K [0x00000005c0e00000, 0x00000005ccc00000, 0x0000000715a00000)
  object space 194560K, 4% used [0x00000005c0e00000,0x00000005c1689f78,0x00000005ccc00000)
 Metaspace       used 33422K, capacity 34744K, committed 34944K, reserved 1079296K
  class space    used 4225K, capacity 4470K, committed 4480K, reserved 1048576K
Event: 3.604 GC heap after
Heap after GC invocations=5 (full 1):
 PSYoungGen      total 215552K, used 9923K [0x0000000715a00000, 0x0000000724600000, 0x00000007c0000000)
  eden space 198656K, 0% used [0x0000000715a00000,0x0000000715a00000,0x0000000721c00000)
  from space 16896K, 58% used [0x0000000723580000,0x0000000723f30ea0,0x0000000724600000)
  to   space 21504K, 0% used [0x0000000721c00000,0x0000000721c00000,0x0000000723100000)
 ParOldGen       total 194560K, used 8751K [0x00000005c0e00000, 0x00000005ccc00000, 0x0000000715a00000)
  object space 194560K, 4% used [0x00000005c0e00000,0x00000005c168bf78,0x00000005ccc00000)
 Metaspace       used 33422K, capacity 34744K, committed 34944K, reserved 1079296K
  class space    used 4225K, capacity 4470K, committed 4480K, reserved 1048576K
}
Event: 3.878 GC heap before
{Heap before GC invocations=6 (full 1):
 PSYoungGen      total 215552K, used 55420K [0x0000000715a00000, 0x0000000724600000, 0x00000007c0000000)
  eden space 198656K, 22% used [0x0000000715a00000,0x000000071866e3b8,0x0000000721c00000)
  from space 16896K, 58% used [0x0000000723580000,0x0000000723f30ea0,0x0000000724600000)
  to   space 21504K, 0% used [0x0000000721c00000,0x0000000721c00000,0x0000000723100000)
 ParOldGen       total 194560K, used 8751K [0x00000005c0e00000, 0x00000005ccc00000, 0x0000000715a00000)
  object space 194560K, 4% used [0x00000005c0e00000,0x00000005c168bf78,0x00000005ccc00000)
 Metaspace       used 33989K, capacity 35368K, committed 35416K, reserved 1081344K
  class space    used 4305K, capacity 4582K, committed 4608K, reserved 1048576K
Event: 3.887 GC heap after
Heap after GC invocations=6 (full 1):
 PSYoungGen      total 220160K, used 9099K [0x0000000715a00000, 0x0000000729f80000, 0x00000007c0000000)
  eden space 198656K, 0% used [0x0000000715a00000,0x0000000715a00000,0x0000000721c00000)
  from space 21504K, 42% used [0x0000000721c00000,0x00000007224e2ff8,0x0000000723100000)
  to   space 10240K, 0% used [0x0000000729580000,0x0000000729580000,0x0000000729f80000)
 ParOldGen       total 194560K, used 8759K [0x00000005c0e00000, 0x00000005ccc00000, 0x0000000715a00000)
  object space 194560K, 4% used [0x00000005c0e00000,0x00000005c168df78,0x00000005ccc00000)
 Metaspace       used 33989K, capacity 35368K, committed 35416K, reserved 1081344K
  class space    used 4305K, capacity 4582K, committed 4608K, reserved 1048576K
}
Event: 3.887 GC heap before
{Heap before GC invocations=7 (full 2):
 PSYoungGen      total 220160K, used 9099K [0x0000000715a00000, 0x0000000729f80000, 0x00000007c0000000)
  eden space 198656K, 0% used [0x0000000715a00000,0x0000000715a00000,0x0000000721c00000)
  from space 21504K, 42% used [0x0000000721c00000,0x00000007224e2ff8,0x0000000723100000)
  to   space 10240K, 0% used [0x0000000729580000,0x0000000729580000,0x0000000729f80000)
 ParOldGen       total 194560K, used 8759K [0x00000005c0e00000, 0x00000005ccc00000, 0x0000000715a00000)
  object space 194560K, 4% used [0x00000005c0e00000,0x00000005c168df78,0x00000005ccc00000)
 Metaspace       used 33989K, capacity 35368K, committed 35416K, reserved 1081344K
  class space    used 4305K, capacity 4582K, committed 4608K, reserved 1048576K
Event: 3.935 GC heap after
Heap after GC invocations=7 (full 2):
 PSYoungGen      total 220160K, used 0K [0x0000000715a00000, 0x0000000729f80000, 0x00000007c0000000)
  eden space 198656K, 0% used [0x0000000715a00000,0x0000000715a00000,0x0000000721c00000)
  from space 21504K, 0% used [0x0000000721c00000,0x0000000721c00000,0x0000000723100000)
  to   space 10240K, 0% used [0x0000000729580000,0x0000000729580000,0x0000000729f80000)
 ParOldGen       total 294912K, used 13849K [0x00000005c0e00000, 0x00000005d2e00000, 0x0000000715a00000)
  object space 294912K, 4% used [0x00000005c0e00000,0x00000005c1b86730,0x00000005d2e00000)
 Metaspace       used 33989K, capacity 35368K, committed 35416K, reserved 1081344K
  class space    used 4305K, capacity 4582K, committed 4608K, reserved 1048576K
}

