# JRE version: OpenJDK Runtime Environment (Zulu 8.36.0.1-CA-win64) (8.0_202-b05) (build 1.8.0_202-b05)
# Java VM: OpenJDK 64-Bit Server VM (25.202-b05 mixed mode windows-amd64 compressed oops)
Heap:
 PSYoungGen      total 267776K, used 13786K [0x0000000715a00000, 0x0000000728f80000, 0x00000007c0000000)
  eden space 263168K, 3% used [0x0000000715a00000,0x00000007162f9590,0x0000000725b00000)
  from space 4608K, 99% used [0x0000000728b00000,0x0000000728f7d330,0x0000000728f80000)
  to   space 12288K, 0% used [0x0000000727780000,0x0000000727780000,0x0000000728380000)
 ParOldGen       total 315392K, used 12310K [0x00000005c0e00000, 0x00000005d4200000, 0x0000000715a00000)
  object space 315392K, 3% used [0x00000005c0e00000,0x00000005c1a05858,0x00000005d4200000)
 Metaspace       used 36297K, capacity 37908K, committed 38016K, reserved 1083392K
  class space    used 4627K, capacity 4936K, committed 4992K, reserved 1048576K
GC Heap History (10 events):
Event: 2.456 GC heap before
{Heap before GC invocations=4 (full 1):
 PSYoungGen      total 153088K, used 131584K [0x0000000715a00000, 0x0000000728500000, 0x00000007c0000000)
  eden space 131584K, 100% used [0x0000000715a00000,0x000000071da80000,0x000000071da80000)
  from space 21504K, 0% used [0x000000071ef80000,0x000000071ef80000,0x0000000720480000)
  to   space 21504K, 0% used [0x000000071da80000,0x000000071da80000,0x000000071ef80000)
 ParOldGen       total 199680K, used 8785K [0x00000005c0e00000, 0x00000005cd100000, 0x0000000715a00000)
  object space 199680K, 4% used [0x00000005c0e00000,0x00000005c1694718,0x00000005cd100000)
 Metaspace       used 28965K, capacity 29770K, committed 29952K, reserved 1075200K
  class space    used 3615K, capacity 3807K, committed 3840K, reserved 1048576K
Event: 2.465 GC heap after
Heap after GC invocations=4 (full 1):
 PSYoungGen      total 153088K, used 9908K [0x0000000715a00000, 0x0000000724780000, 0x00000007c0000000)
  eden space 131584K, 0% used [0x0000000715a00000,0x0000000715a00000,0x000000071da80000)
  from space 21504K, 46% used [0x000000071da80000,0x000000071e42d1c8,0x000000071ef80000)
  to   space 21504K, 0% used [0x0000000723280000,0x0000000723280000,0x0000000724780000)
 ParOldGen       total 199680K, used 8857K [0x00000005c0e00000, 0x00000005cd100000, 0x0000000715a00000)
  object space 199680K, 4% used [0x00000005c0e00000,0x00000005c16a6728,0x00000005cd100000)
 Metaspace       used 28965K, capacity 29770K, committed 29952K, reserved 1075200K
  class space    used 3615K, capacity 3807K, committed 3840K, reserved 1048576K
}
Event: 3.370 GC heap before
{Heap before GC invocations=5 (full 1):
 PSYoungGen      total 153088K, used 141492K [0x0000000715a00000, 0x0000000724780000, 0x00000007c0000000)
  eden space 131584K, 100% used [0x0000000715a00000,0x000000071da80000,0x000000071da80000)
  from space 21504K, 46% used [0x000000071da80000,0x000000071e42d1c8,0x000000071ef80000)
  to   space 21504K, 0% used [0x0000000723280000,0x0000000723280000,0x0000000724780000)
 ParOldGen       total 199680K, used 8857K [0x00000005c0e00000, 0x00000005cd100000, 0x0000000715a00000)
  object space 199680K, 4% used [0x00000005c0e00000,0x00000005c16a6728,0x00000005cd100000)
 Metaspace       used 32299K, capacity 33686K, committed 33792K, reserved 1079296K
  class space    used 4052K, capacity 4289K, committed 4352K, reserved 1048576K
Event: 3.378 GC heap after
Heap after GC invocations=5 (full 1):
 PSYoungGen      total 212480K, used 10169K [0x0000000715a00000, 0x0000000724300000, 0x00000007c0000000)
  eden space 195584K, 0% used [0x0000000715a00000,0x0000000715a00000,0x0000000721900000)
  from space 16896K, 60% used [0x0000000723280000,0x0000000723c6e688,0x0000000724300000)
  to   space 21504K, 0% used [0x0000000721900000,0x0000000721900000,0x0000000722e00000)
 ParOldGen       total 199680K, used 8865K [0x00000005c0e00000, 0x00000005cd100000, 0x0000000715a00000)
  object space 199680K, 4% used [0x00000005c0e00000,0x00000005c16a8728,0x00000005cd100000)
 Metaspace       used 32299K, capacity 33686K, committed 33792K, reserved 1079296K
  class space    used 4052K, capacity 4289K, committed 4352K, reserved 1048576K
}
Event: 3.765 GC heap before
{Heap before GC invocations=6 (full 1):
 PSYoungGen      total 212480K, used 63462K [0x0000000715a00000, 0x0000000724300000, 0x00000007c0000000)
  eden space 195584K, 27% used [0x0000000715a00000,0x0000000718e0b428,0x0000000721900000)
  from space 16896K, 60% used [0x0000000723280000,0x0000000723c6e688,0x0000000724300000)
  to   space 21504K, 0% used [0x0000000721900000,0x0000000721900000,0x0000000722e00000)
 ParOldGen       total 199680K, used 8865K [0x00000005c0e00000, 0x00000005cd100000, 0x0000000715a00000)
  object space 199680K, 4% used [0x00000005c0e00000,0x00000005c16a8728,0x00000005cd100000)
 Metaspace       used 33744K, capacity 35278K, committed 35416K, reserved 1081344K
  class space    used 4251K, capacity 4551K, committed 4608K, reserved 1048576K
Event: 3.777 GC heap after
Heap after GC invocations=6 (full 1):
 PSYoungGen      total 217088K, used 7774K [0x0000000715a00000, 0x0000000729600000, 0x00000007c0000000)
  eden space 195584K, 0% used [0x0000000715a00000,0x0000000715a00000,0x0000000721900000)
  from space 21504K, 36% used [0x0000000721900000,0x0000000722097be0,0x0000000722e00000)
  to   space 11264K, 0% used [0x0000000728b00000,0x0000000728b00000,0x0000000729600000)
 ParOldGen       total 199680K, used 8873K [0x00000005c0e00000, 0x00000005cd100000, 0x0000000715a00000)
  object space 199680K, 4% used [0x00000005c0e00000,0x00000005c16aa728,0x00000005cd100000)
 Metaspace       used 33744K, capacity 35278K, committed 35416K, reserved 1081344K
  class space    used 4251K, capacity 4551K, committed 4608K, reserved 1048576K
}
Event: 3.777 GC heap before
{Heap before GC invocations=7 (full 2):
 PSYoungGen      total 217088K, used 7774K [0x0000000715a00000, 0x0000000729600000, 0x00000007c0000000)
  eden space 195584K, 0% used [0x0000000715a00000,0x0000000715a00000,0x0000000721900000)
  from space 21504K, 36% used [0x0000000721900000,0x0000000722097be0,0x0000000722e00000)
  to   space 11264K, 0% used [0x0000000728b00000,0x0000000728b00000,0x0000000729600000)
 ParOldGen       total 199680K, used 8873K [0x00000005c0e00000, 0x00000005cd100000, 0x0000000715a00000)
  object space 199680K, 4% used [0x00000005c0e00000,0x00000005c16aa728,0x00000005cd100000)
 Metaspace       used 33744K, capacity 35278K, committed 35416K, reserved 1081344K
  class space    used 4251K, capacity 4551K, committed 4608K, reserved 1048576K
Event: 3.846 GC heap after
Heap after GC invocations=7 (full 2):
 PSYoungGen      total 217088K, used 0K [0x0000000715a00000, 0x0000000729600000, 0x00000007c0000000)
  eden space 195584K, 0% used [0x0000000715a00000,0x0000000715a00000,0x0000000721900000)
  from space 21504K, 0% used [0x0000000721900000,0x0000000721900000,0x0000000722e00000)
  to   space 11264K, 0% used [0x0000000728b00000,0x0000000728b00000,0x0000000729600000)
 ParOldGen       total 315392K, used 12302K [0x00000005c0e00000, 0x00000005d4200000, 0x0000000715a00000)
  object space 315392K, 3% used [0x00000005c0e00000,0x00000005c1a03858,0x00000005d4200000)
 Metaspace       used 33744K, capacity 35278K, committed 35416K, reserved 1081344K
  class space    used 4251K, capacity 4551K, committed 4608K, reserved 1048576K
}
Event: 218619.886 GC heap before
{Heap before GC invocations=8 (full 2):
 PSYoungGen      total 217088K, used 195584K [0x0000000715a00000, 0x0000000729600000, 0x00000007c0000000)
  eden space 195584K, 100% used [0x0000000715a00000,0x0000000721900000,0x0000000721900000)
  from space 21504K, 0% used [0x0000000721900000,0x0000000721900000,0x0000000722e00000)
  to   space 11264K, 0% used [0x0000000728b00000,0x0000000728b00000,0x0000000729600000)
 ParOldGen       total 315392K, used 12302K [0x00000005c0e00000, 0x00000005d4200000, 0x0000000715a00000)
  object space 315392K, 3% used [0x00000005c0e00000,0x00000005c1a03858,0x00000005d4200000)
 Metaspace       used 36262K, capacity 37908K, committed 38016K, reserved 1083392K
  class space    used 4623K, capacity 4936K, committed 4992K, reserved 1048576K
Event: 218619.897 GC heap after
Heap after GC invocations=8 (full 2):
 PSYoungGen      total 267776K, used 4596K [0x0000000715a00000, 0x0000000728f80000, 0x00000007c0000000)
  eden space 263168K, 0% used [0x0000000715a00000,0x0000000715a00000,0x0000000725b00000)
  from space 4608K, 99% used [0x0000000728b00000,0x0000000728f7d330,0x0000000728f80000)
  to   space 12288K, 0% used [0x0000000727780000,0x0000000727780000,0x0000000728380000)
 ParOldGen       total 315392K, used 12310K [0x00000005c0e00000, 0x00000005d4200000, 0x0000000715a00000)
  object space 315392K, 3% used [0x00000005c0e00000,0x00000005c1a05858,0x00000005d4200000)
 Metaspace       used 36262K, capacity 37908K, committed 38016K, reserved 1083392K
  class space    used 4623K, capacity 4936K, committed 4992K, reserved 1048576K
}

